<?xml version="1.0" encoding="UTF-8"?>
<!-- Generated by org.testng.reporters.JUnitReportReporter -->
<testsuite hostname="mauricio-Inspiron-7558" failures="0" tests="163" name="lab.ChocolateBoilerTest" time="0.550" errors="0" timestamp="2020-10-07T10:42:19 PET" skipped="0">
  <testcase classname="lab.ChocolateBoilerTest" name="Test_creation" time="0.000"/>
  <testcase classname="lab.ChocolateBoilerTest" name="Test_behavior" time="0.021"/>
  <testcase classname="lab.ChocolateBoilerTest" name="Test_behavior" time="0.000"/>
  <testcase classname="lab.ChocolateBoilerTest" name="Test_creation" time="0.001"/>
  <testcase classname="lab.ChocolateBoilerTest" name="Test_behavior" time="0.000"/>
  <testcase classname="lab.ChocolateBoilerTest" name="Test_creation" time="0.000"/>
  <testcase classname="lab.ChocolateBoilerTest" name="Test_creation" time="0.003"/>
  <testcase classname="lab.ChocolateBoilerTest" name="Test_behavior" time="0.000"/>
  <testcase classname="lab.ChocolateBoilerTest" name="Test_behavior" time="0.001"/>
  <testcase classname="lab.ChocolateBoilerTest" name="Test_behavior" time="0.002"/>
  <testcase classname="lab.ChocolateBoilerTest" name="Test_behavior" time="0.000"/>
  <testcase classname="lab.ChocolateBoilerTest" name="Test_behavior" time="0.000"/>
  <testcase classname="lab.ChocolateBoilerTest" name="Test_creation" time="0.001"/>
  <testcase classname="lab.ChocolateBoilerTest" name="Test_behavior" time="0.000"/>
  <testcase classname="lab.ChocolateBoilerTest" name="Test_behavior" time="0.000"/>
  <testcase classname="lab.ChocolateBoilerTest" name="Test_behavior" time="0.000"/>
  <testcase classname="lab.ChocolateBoilerTest" name="Test_creation" time="0.000"/>
  <testcase classname="lab.ChocolateBoilerTest" name="Test_creation" time="0.001"/>
  <testcase classname="lab.ChocolateBoilerTest" name="Test_behavior" time="0.018"/>
  <testcase classname="lab.ChocolateBoilerTest" name="Test_creation" time="0.000"/>
  <testcase classname="lab.ChocolateBoilerTest" name="Test_creation" time="0.001"/>
  <testcase classname="lab.ChocolateBoilerTest" name="Test_behavior" time="0.000"/>
  <testcase classname="lab.ChocolateBoilerTest" name="Test_creation" time="0.000"/>
  <testcase classname="lab.ChocolateBoilerTest" name="Test_creation" time="0.001"/>
  <testcase classname="lab.ChocolateBoilerTest" name="Test_behavior" time="0.001"/>
  <testcase classname="lab.ChocolateBoilerTest" name="Test_creation" time="0.000"/>
  <testcase classname="lab.ChocolateBoilerTest" name="Test_behavior" time="0.001"/>
  <testcase classname="lab.ChocolateBoilerTest" name="Test_creation" time="0.004"/>
  <testcase classname="lab.ChocolateBoilerTest" name="Test_behavior" time="0.000"/>
  <testcase classname="lab.ChocolateBoilerTest" name="Test_creation" time="0.001"/>
  <testcase classname="lab.ChocolateBoilerTest" name="Test_creation" time="0.000"/>
  <testcase classname="lab.ChocolateBoilerTest" name="Test_creation" time="0.000"/>
  <testcase classname="lab.ChocolateBoilerTest" name="Test_behavior" time="0.018"/>
  <testcase classname="lab.ChocolateBoilerTest" name="Test_behavior" time="0.001"/>
  <testcase classname="lab.ChocolateBoilerTest" name="Test_behavior" time="0.004"/>
  <testcase classname="lab.ChocolateBoilerTest" name="Test_behavior" time="0.001"/>
  <testcase classname="lab.ChocolateBoilerTest" name="Test_behavior" time="0.026"/>
  <testcase classname="lab.ChocolateBoilerTest" name="Test_behavior" time="0.001"/>
  <testcase classname="lab.ChocolateBoilerTest" name="Test_behavior" time="0.001"/>
  <testcase classname="lab.ChocolateBoilerTest" name="Test_creation" time="0.000"/>
  <testcase classname="lab.ChocolateBoilerTest" name="Test_behavior" time="0.018"/>
  <testcase classname="lab.ChocolateBoilerTest" name="Test_creation" time="0.000"/>
  <testcase classname="lab.ChocolateBoilerTest" name="Test_creation" time="0.001"/>
  <testcase classname="lab.ChocolateBoilerTest" name="Test_creation" time="0.000"/>
  <testcase classname="lab.ChocolateBoilerTest" name="Test_behavior" time="0.018"/>
  <testcase classname="lab.ChocolateBoilerTest" name="Test_behavior" time="0.031"/>
  <testcase classname="lab.ChocolateBoilerTest" name="Test_behavior" time="0.000"/>
  <testcase classname="lab.ChocolateBoilerTest" name="Test_creation" time="0.000"/>
  <testcase classname="lab.ChocolateBoilerTest" name="Test_creation" time="0.000"/>
  <testcase classname="lab.ChocolateBoilerTest" name="Test_creation" time="0.001"/>
  <testcase classname="lab.ChocolateBoilerTest" name="Test_creation" time="0.000"/>
  <testcase classname="lab.ChocolateBoilerTest" name="Test_creation" time="0.000"/>
  <testcase classname="lab.ChocolateBoilerTest" name="Test_creation" time="0.000"/>
  <testcase classname="lab.ChocolateBoilerTest" name="Test_behavior" time="0.000"/>
  <testcase classname="lab.ChocolateBoilerTest" name="Test_behavior" time="0.001"/>
  <testcase classname="lab.ChocolateBoilerTest" name="Test_behavior" time="0.001"/>
  <testcase classname="lab.ChocolateBoilerTest" name="Test_behavior" time="0.001"/>
  <testcase classname="lab.ChocolateBoilerTest" name="Test_behavior" time="0.000"/>
  <testcase classname="lab.ChocolateBoilerTest" name="Test_behavior" time="0.047"/>
  <testcase classname="lab.ChocolateBoilerTest" name="Test_creation" time="0.000"/>
  <testcase classname="lab.ChocolateBoilerTest" name="Test_creation" time="0.001"/>
  <testcase classname="lab.ChocolateBoilerTest" name="Test_creation" time="0.000"/>
  <testcase classname="lab.ChocolateBoilerTest" name="Test_creation" time="0.000"/>
  <testcase classname="lab.ChocolateBoilerTest" name="Test_behavior" time="0.001"/>
  <testcase classname="lab.ChocolateBoilerTest" name="Test_creation" time="0.000"/>
  <testcase classname="lab.ChocolateBoilerTest" name="Test_creation" time="0.000"/>
  <testcase classname="lab.ChocolateBoilerTest" name="Test_creation" time="0.000"/>
  <testcase classname="lab.ChocolateBoilerTest" name="Test_behavior" time="0.001"/>
  <testcase classname="lab.ChocolateBoilerTest" name="Test_behavior" time="0.019"/>
  <testcase classname="lab.ChocolateBoilerTest" name="Test_behavior" time="0.000"/>
  <testcase classname="lab.ChocolateBoilerTest" name="Test_creation" time="0.000"/>
  <testcase classname="lab.ChocolateBoilerTest" name="Test_behavior" time="0.019"/>
  <testcase classname="lab.ChocolateBoilerTest" name="Test_behavior" time="0.019"/>
  <testcase classname="lab.ChocolateBoilerTest" name="Test_creation" time="0.000"/>
  <testcase classname="lab.ChocolateBoilerTest" name="Test_behavior" time="0.001"/>
  <testcase classname="lab.ChocolateBoilerTest" name="Test_behavior" time="0.000"/>
  <testcase classname="lab.ChocolateBoilerTest" name="Test_creation" time="0.001"/>
  <testcase classname="lab.ChocolateBoilerTest" name="Test_behavior" time="0.001"/>
  <testcase classname="lab.ChocolateBoilerTest" name="Test_creation" time="0.000"/>
  <testcase classname="lab.ChocolateBoilerTest" name="Test_creation" time="0.000"/>
  <testcase classname="lab.ChocolateBoilerTest" name="Test_creation" time="0.000"/>
  <testcase classname="lab.ChocolateBoilerTest" name="Test_creation" time="0.000"/>
  <testcase classname="lab.ChocolateBoilerTest" name="Test_creation" time="0.000"/>
  <testcase classname="lab.ChocolateBoilerTest" name="Test_behavior" time="0.006"/>
  <testcase classname="lab.ChocolateBoilerTest" name="Test_behavior" time="0.000"/>
  <testcase classname="lab.ChocolateBoilerTest" name="Test_creation" time="0.000"/>
  <testcase classname="lab.ChocolateBoilerTest" name="Test_behavior" time="0.000"/>
  <testcase classname="lab.ChocolateBoilerTest" name="Test_behavior" time="0.004"/>
  <testcase classname="lab.ChocolateBoilerTest" name="Test_creation" time="0.001"/>
  <testcase classname="lab.ChocolateBoilerTest" name="Test_creation" time="0.000"/>
  <testcase classname="lab.ChocolateBoilerTest" name="Test_behavior" time="0.026"/>
  <testcase classname="lab.ChocolateBoilerTest" name="Test_behavior" time="0.000"/>
  <testcase classname="lab.ChocolateBoilerTest" name="Test_creation" time="0.000"/>
  <testcase classname="lab.ChocolateBoilerTest" name="Test_creation" time="0.003"/>
  <testcase classname="lab.ChocolateBoilerTest" name="Test_creation" time="0.001"/>
  <testcase classname="lab.ChocolateBoilerTest" name="Test_creation" time="0.000"/>
  <testcase classname="lab.ChocolateBoilerTest" name="Test_creation" time="0.000"/>
  <testcase classname="lab.ChocolateBoilerTest" name="Test_creation" time="0.000"/>
  <testcase classname="lab.ChocolateBoilerTest" name="Test_creation" time="0.001"/>
  <testcase classname="lab.ChocolateBoilerTest" name="Test_creation" time="0.000"/>
  <testcase classname="lab.ChocolateBoilerTest" name="Test_creation" time="0.000"/>
  <testcase classname="lab.ChocolateBoilerTest" name="Test_behavior" time="0.010"/>
  <testcase classname="lab.ChocolateBoilerTest" name="Test_behavior" time="0.001"/>
  <testcase classname="lab.ChocolateBoilerTest" name="Test_behavior" time="0.001"/>
  <testcase classname="lab.ChocolateBoilerTest" name="Test_creation" time="0.000"/>
  <testcase classname="lab.ChocolateBoilerTest" name="Test_behavior" time="0.001"/>
  <testcase classname="lab.ChocolateBoilerTest" name="Test_creation" time="0.004"/>
  <testcase classname="lab.ChocolateBoilerTest" name="Test_creation" time="0.001"/>
  <testcase classname="lab.ChocolateBoilerTest" name="Test_boil_initial" time="0.000"/>
  <testcase classname="lab.ChocolateBoilerTest" name="Test_creation" time="0.000"/>
  <testcase classname="lab.ChocolateBoilerTest" name="Test_creation" time="0.001"/>
  <testcase classname="lab.ChocolateBoilerTest" name="Test_creation" time="0.000"/>
  <testcase classname="lab.ChocolateBoilerTest" name="Test_creation" time="0.000"/>
  <testcase classname="lab.ChocolateBoilerTest" name="Test_behavior" time="0.003"/>
  <testcase classname="lab.ChocolateBoilerTest" name="Test_behavior" time="0.019"/>
  <testcase classname="lab.ChocolateBoilerTest" name="Test_creation" time="0.000"/>
  <testcase classname="lab.ChocolateBoilerTest" name="Test_behavior" time="0.019"/>
  <testcase classname="lab.ChocolateBoilerTest" name="Test_creation" time="0.000"/>
  <testcase classname="lab.ChocolateBoilerTest" name="Test_creation" time="0.000"/>
  <testcase classname="lab.ChocolateBoilerTest" name="Test_behavior" time="0.000"/>
  <testcase classname="lab.ChocolateBoilerTest" name="Test_behavior" time="0.000"/>
  <testcase classname="lab.ChocolateBoilerTest" name="Test_behavior" time="0.059"/>
  <testcase classname="lab.ChocolateBoilerTest" name="Test_creation" time="0.000"/>
  <testcase classname="lab.ChocolateBoilerTest" name="Test_behavior" time="0.000"/>
  <testcase classname="lab.ChocolateBoilerTest" name="Test_creation" time="0.001"/>
  <testcase classname="lab.ChocolateBoilerTest" name="Test_creation" time="0.000"/>
  <testcase classname="lab.ChocolateBoilerTest" name="Test_behavior" time="0.001"/>
  <testcase classname="lab.ChocolateBoilerTest" name="Test_creation" time="0.002"/>
  <testcase classname="lab.ChocolateBoilerTest" name="Test_creation" time="0.001"/>
  <testcase classname="lab.ChocolateBoilerTest" name="Test_creation" time="0.000"/>
  <testcase classname="lab.ChocolateBoilerTest" name="Test_behavior" time="0.000"/>
  <testcase classname="lab.ChocolateBoilerTest" name="Test_behavior" time="0.001"/>
  <testcase classname="lab.ChocolateBoilerTest" name="Test_creation" time="0.000"/>
  <testcase classname="lab.ChocolateBoilerTest" name="Test_creation" time="0.003"/>
  <testcase classname="lab.ChocolateBoilerTest" name="Test_behavior" time="0.000"/>
  <testcase classname="lab.ChocolateBoilerTest" name="Test_creation" time="0.000"/>
  <testcase classname="lab.ChocolateBoilerTest" name="Test_creation" time="0.000"/>
  <testcase classname="lab.ChocolateBoilerTest" name="Test_behavior" time="0.019"/>
  <testcase classname="lab.ChocolateBoilerTest" name="Test_behavior" time="0.001"/>
  <testcase classname="lab.ChocolateBoilerTest" name="Test_creation" time="0.001"/>
  <testcase classname="lab.ChocolateBoilerTest" name="Test_behavior" time="0.000"/>
  <testcase classname="lab.ChocolateBoilerTest" name="Test_behavior" time="0.000"/>
  <testcase classname="lab.ChocolateBoilerTest" name="Test_behavior" time="0.000"/>
  <testcase classname="lab.ChocolateBoilerTest" name="Test_creation" time="0.001"/>
  <testcase classname="lab.ChocolateBoilerTest" name="Test_behavior" time="0.001"/>
  <testcase classname="lab.ChocolateBoilerTest" name="Test_behavior" time="0.001"/>
  <testcase classname="lab.ChocolateBoilerTest" name="Test_creation" time="0.000"/>
  <testcase classname="lab.ChocolateBoilerTest" name="Test_behavior" time="0.001"/>
  <testcase classname="lab.ChocolateBoilerTest" name="Test_drain_initial" time="0.000"/>
  <testcase classname="lab.ChocolateBoilerTest" name="Test_behavior" time="0.000"/>
  <testcase classname="lab.ChocolateBoilerTest" name="Test_behavior" time="0.000"/>
  <testcase classname="lab.ChocolateBoilerTest" name="Test_behavior" time="0.000"/>
  <testcase classname="lab.ChocolateBoilerTest" name="Test_behavior" time="0.059"/>
  <testcase classname="lab.ChocolateBoilerTest" name="Test_fill_initial" time="0.001"/>
  <testcase classname="lab.ChocolateBoilerTest" name="Test_creation" time="0.000"/>
  <testcase classname="lab.ChocolateBoilerTest" name="Test_behavior" time="0.000"/>
  <testcase classname="lab.ChocolateBoilerTest" name="Test_behavior" time="0.000"/>
  <testcase classname="lab.ChocolateBoilerTest" name="Test_creation" time="0.003"/>
  <testcase classname="lab.ChocolateBoilerTest" name="Test_behavior" time="0.001"/>
  <testcase classname="lab.ChocolateBoilerTest" name="Test_behavior" time="0.000"/>
  <testcase classname="lab.ChocolateBoilerTest" name="Test_behavior" time="0.000"/>
  <testcase classname="lab.ChocolateBoilerTest" name="Test_creation" time="0.000"/>
  <testcase classname="lab.ChocolateBoilerTest" name="Test_creation" time="0.000"/>
</testsuite> <!-- lab.ChocolateBoilerTest -->
