<?xml version="1.0" encoding="UTF-8"?>
<!-- Generated by org.testng.reporters.JUnitReportReporter -->
<testsuite hostname="mauricio-Inspiron-7558" failures="0" tests="80" name="lab.ChocolateBoilerSingletonTest" time="0.024" errors="0" timestamp="2020-10-07T10:42:19 PET" skipped="0">
  <testcase classname="lab.ChocolateBoilerSingletonTest" name="Test_behavior" time="0.000"/>
  <testcase classname="lab.ChocolateBoilerSingletonTest" name="Test_behavior" time="0.000"/>
  <testcase classname="lab.ChocolateBoilerSingletonTest" name="Test_behavior" time="0.000"/>
  <testcase classname="lab.ChocolateBoilerSingletonTest" name="Test_behavior" time="0.005"/>
  <testcase classname="lab.ChocolateBoilerSingletonTest" name="Test_behavior" time="0.000"/>
  <testcase classname="lab.ChocolateBoilerSingletonTest" name="Test_behavior" time="0.001"/>
  <testcase classname="lab.ChocolateBoilerSingletonTest" name="Test_behavior" time="0.000"/>
  <testcase classname="lab.ChocolateBoilerSingletonTest" name="Test_behavior" time="0.000"/>
  <testcase classname="lab.ChocolateBoilerSingletonTest" name="Test_behavior" time="0.000"/>
  <testcase classname="lab.ChocolateBoilerSingletonTest" name="Test_behavior" time="0.000"/>
  <testcase classname="lab.ChocolateBoilerSingletonTest" name="Test_behavior" time="0.000"/>
  <testcase classname="lab.ChocolateBoilerSingletonTest" name="Test_behavior" time="0.000"/>
  <testcase classname="lab.ChocolateBoilerSingletonTest" name="Test_behavior" time="0.000"/>
  <testcase classname="lab.ChocolateBoilerSingletonTest" name="Test_behavior" time="0.000"/>
  <testcase classname="lab.ChocolateBoilerSingletonTest" name="Test_behavior" time="0.001"/>
  <testcase classname="lab.ChocolateBoilerSingletonTest" name="Test_behavior" time="0.000"/>
  <testcase classname="lab.ChocolateBoilerSingletonTest" name="Test_behavior" time="0.000"/>
  <testcase classname="lab.ChocolateBoilerSingletonTest" name="Test_behavior" time="0.001"/>
  <testcase classname="lab.ChocolateBoilerSingletonTest" name="Test_behavior" time="0.001"/>
  <testcase classname="lab.ChocolateBoilerSingletonTest" name="Test_behavior" time="0.001"/>
  <testcase classname="lab.ChocolateBoilerSingletonTest" name="Test_behavior" time="0.000"/>
  <testcase classname="lab.ChocolateBoilerSingletonTest" name="Test_behavior" time="0.000"/>
  <testcase classname="lab.ChocolateBoilerSingletonTest" name="Test_behavior" time="0.000"/>
  <testcase classname="lab.ChocolateBoilerSingletonTest" name="Test_behavior" time="0.000"/>
  <testcase classname="lab.ChocolateBoilerSingletonTest" name="Test_behavior" time="0.000"/>
  <testcase classname="lab.ChocolateBoilerSingletonTest" name="Test_behavior" time="0.000"/>
  <testcase classname="lab.ChocolateBoilerSingletonTest" name="Test_behavior" time="0.000"/>
  <testcase classname="lab.ChocolateBoilerSingletonTest" name="Test_behavior" time="0.001"/>
  <testcase classname="lab.ChocolateBoilerSingletonTest" name="Test_behavior" time="0.000"/>
  <testcase classname="lab.ChocolateBoilerSingletonTest" name="Test_behavior" time="0.000"/>
  <testcase classname="lab.ChocolateBoilerSingletonTest" name="Test_behavior" time="0.001"/>
  <testcase classname="lab.ChocolateBoilerSingletonTest" name="Test_behavior" time="0.000"/>
  <testcase classname="lab.ChocolateBoilerSingletonTest" name="Test_behavior" time="0.001"/>
  <testcase classname="lab.ChocolateBoilerSingletonTest" name="Test_behavior" time="0.001"/>
  <testcase classname="lab.ChocolateBoilerSingletonTest" name="Test_behavior" time="0.000"/>
  <testcase classname="lab.ChocolateBoilerSingletonTest" name="Test_behavior" time="0.001"/>
  <testcase classname="lab.ChocolateBoilerSingletonTest" name="Test_behavior" time="0.001"/>
  <testcase classname="lab.ChocolateBoilerSingletonTest" name="Test_behavior" time="0.000"/>
  <testcase classname="lab.ChocolateBoilerSingletonTest" name="Test_behavior" time="0.000"/>
  <testcase classname="lab.ChocolateBoilerSingletonTest" name="Test_behavior" time="0.000"/>
  <testcase classname="lab.ChocolateBoilerSingletonTest" name="Test_behavior" time="0.000"/>
  <testcase classname="lab.ChocolateBoilerSingletonTest" name="Test_behavior" time="0.000"/>
  <testcase classname="lab.ChocolateBoilerSingletonTest" name="Test_behavior" time="0.000"/>
  <testcase classname="lab.ChocolateBoilerSingletonTest" name="Test_behavior" time="0.000"/>
  <testcase classname="lab.ChocolateBoilerSingletonTest" name="Test_behavior" time="0.000"/>
  <testcase classname="lab.ChocolateBoilerSingletonTest" name="Test_behavior" time="0.000"/>
  <testcase classname="lab.ChocolateBoilerSingletonTest" name="Test_behavior" time="0.000"/>
  <testcase classname="lab.ChocolateBoilerSingletonTest" name="Test_behavior" time="0.000"/>
  <testcase classname="lab.ChocolateBoilerSingletonTest" name="Test_behavior" time="0.000"/>
  <testcase classname="lab.ChocolateBoilerSingletonTest" name="Test_behavior" time="0.000"/>
  <testcase classname="lab.ChocolateBoilerSingletonTest" name="Test_behavior" time="0.000"/>
  <testcase classname="lab.ChocolateBoilerSingletonTest" name="Test_behavior" time="0.000"/>
  <testcase classname="lab.ChocolateBoilerSingletonTest" name="Test_behavior" time="0.000"/>
  <testcase classname="lab.ChocolateBoilerSingletonTest" name="Test_behavior" time="0.001"/>
  <testcase classname="lab.ChocolateBoilerSingletonTest" name="Test_behavior" time="0.000"/>
  <testcase classname="lab.ChocolateBoilerSingletonTest" name="Test_behavior" time="0.000"/>
  <testcase classname="lab.ChocolateBoilerSingletonTest" name="Test_behavior" time="0.000"/>
  <testcase classname="lab.ChocolateBoilerSingletonTest" name="Test_behavior" time="0.001"/>
  <testcase classname="lab.ChocolateBoilerSingletonTest" name="Test_behavior" time="0.000"/>
  <testcase classname="lab.ChocolateBoilerSingletonTest" name="Test_behavior" time="0.000"/>
  <testcase classname="lab.ChocolateBoilerSingletonTest" name="Test_behavior" time="0.000"/>
  <testcase classname="lab.ChocolateBoilerSingletonTest" name="Test_behavior" time="0.000"/>
  <testcase classname="lab.ChocolateBoilerSingletonTest" name="Test_behavior" time="0.000"/>
  <testcase classname="lab.ChocolateBoilerSingletonTest" name="Test_behavior" time="0.000"/>
  <testcase classname="lab.ChocolateBoilerSingletonTest" name="Test_behavior" time="0.000"/>
  <testcase classname="lab.ChocolateBoilerSingletonTest" name="Test_behavior" time="0.003"/>
  <testcase classname="lab.ChocolateBoilerSingletonTest" name="Test_behavior" time="0.000"/>
  <testcase classname="lab.ChocolateBoilerSingletonTest" name="Test_behavior" time="0.000"/>
  <testcase classname="lab.ChocolateBoilerSingletonTest" name="Test_behavior" time="0.000"/>
  <testcase classname="lab.ChocolateBoilerSingletonTest" name="Test_behavior" time="0.000"/>
  <testcase classname="lab.ChocolateBoilerSingletonTest" name="Test_behavior" time="0.000"/>
  <testcase classname="lab.ChocolateBoilerSingletonTest" name="Test_behavior" time="0.001"/>
  <testcase classname="lab.ChocolateBoilerSingletonTest" name="Test_behavior" time="0.000"/>
  <testcase classname="lab.ChocolateBoilerSingletonTest" name="Test_behavior" time="0.000"/>
  <testcase classname="lab.ChocolateBoilerSingletonTest" name="Test_behavior" time="0.000"/>
  <testcase classname="lab.ChocolateBoilerSingletonTest" name="Test_behavior" time="0.000"/>
  <testcase classname="lab.ChocolateBoilerSingletonTest" name="Test_behavior" time="0.001"/>
  <testcase classname="lab.ChocolateBoilerSingletonTest" name="Test_behavior" time="0.001"/>
  <testcase classname="lab.ChocolateBoilerSingletonTest" name="Test_behavior" time="0.000"/>
  <testcase classname="lab.ChocolateBoilerSingletonTest" name="Test_behavior" time="0.000"/>
</testsuite> <!-- lab.ChocolateBoilerSingletonTest -->
